<?xml version="1.0" encoding="UTF-8"?>
<!-- Generated by org.testng.reporters.JUnitXMLReporter -->
<testsuite hostname="DESKTOP-JETEBKU" ignored="0" name="Default test" tests="4" failures="0" timestamp="19 Apr 2022 14:26:52 GMT" time="5.665" errors="0">
  <testcase name="EmailValidationTestCases" time="0.549" classname="com.jbk.LoginTest"/>
  <testcase name="PasswordValidationTestCases" time="0.416" classname="com.jbk.LoginTest"/>
  <testcase name="BothIncorrect" time="0.331" classname="com.jbk.LoginTest"/>
  <testcase name="BothCorrect" time="1.621" classname="com.jbk.LoginTest"/>
</testsuite> <!-- Default test -->
