<?xml version="1.0" encoding="UTF-8"?>
<testng-results skipped="0" failed="0" ignored="0" total="4" passed="4">
  <reporter-output>
  </reporter-output>
  <suite name="Default suite" duration-ms="5665" started-at="2022-04-19T14:26:47Z" finished-at="2022-04-19T14:26:52Z">
    <groups>
    </groups>
    <test name="Default test" duration-ms="5665" started-at="2022-04-19T14:26:47Z" finished-at="2022-04-19T14:26:52Z">
      <class name="com.jbk.LoginTest">
        <test-method status="PASS" signature="setup()[pri:0, instance:com.jbk.LoginTest@1f1c7bf6]" name="setup" is-config="true" duration-ms="2630" started-at="2022-04-19T14:26:47Z" finished-at="2022-04-19T14:26:49Z">
          <reporter-output>
          </reporter-output>
        </test-method> <!-- setup -->
        <test-method status="PASS" signature="EmailValidationTestCases()[pri:1, instance:com.jbk.LoginTest@1f1c7bf6]" name="EmailValidationTestCases" duration-ms="549" started-at="2022-04-19T14:26:49Z" finished-at="2022-04-19T14:26:50Z">
          <reporter-output>
          </reporter-output>
        </test-method> <!-- EmailValidationTestCases -->
        <test-method status="PASS" signature="PasswordValidationTestCases()[pri:2, instance:com.jbk.LoginTest@1f1c7bf6]" name="PasswordValidationTestCases" duration-ms="416" started-at="2022-04-19T14:26:50Z" finished-at="2022-04-19T14:26:50Z">
          <reporter-output>
          </reporter-output>
        </test-method> <!-- PasswordValidationTestCases -->
        <test-method status="PASS" signature="BothIncorrect()[pri:3, instance:com.jbk.LoginTest@1f1c7bf6]" name="BothIncorrect" duration-ms="331" started-at="2022-04-19T14:26:50Z" finished-at="2022-04-19T14:26:51Z">
          <reporter-output>
          </reporter-output>
        </test-method> <!-- BothIncorrect -->
        <test-method status="PASS" signature="BothCorrect()[pri:4, instance:com.jbk.LoginTest@1f1c7bf6]" name="BothCorrect" duration-ms="1621" started-at="2022-04-19T14:26:51Z" finished-at="2022-04-19T14:26:52Z">
          <reporter-output>
          </reporter-output>
        </test-method> <!-- BothCorrect -->
        <test-method status="PASS" signature="teardown()[pri:0, instance:com.jbk.LoginTest@1f1c7bf6]" name="teardown" is-config="true" duration-ms="81" started-at="2022-04-19T14:26:52Z" finished-at="2022-04-19T14:26:52Z">
          <reporter-output>
          </reporter-output>
        </test-method> <!-- teardown -->
      </class> <!-- com.jbk.LoginTest -->
    </test> <!-- Default test -->
  </suite> <!-- Default suite -->
</testng-results>
